android/build/outputs/logs/manifest-merger-debug-report.txt
-- Merging decision tree log ---
manifest
ADDED from Pheidippides\android\AndroidManifest.xml:2:1-50:12
	package
		ADDED from Pheidippides\android\AndroidManifest.xml:3:5-50
		INJECTED from Pheidippides\android\AndroidManifest.xml
		INJECTED from Pheidippides\android\AndroidManifest.xml
	android:versionName
		INJECTED from Pheidippides\android\AndroidManifest.xml
		INJECTED from Pheidippides\android\AndroidManifest.xml
	xmlns:android
		ADDED from Pheidippides\android\AndroidManifest.xml:2:11-69
	android:versionCode
		INJECTED from Pheidippides\android\AndroidManifest.xml
		INJECTED from Pheidippides\android\AndroidManifest.xml
	android:installLocation
		ADDED from Pheidippides\android\AndroidManifest.xml:4:5-35
uses-permission#android.permission.ACCESS_NETWORK_STATE
ADDED from Pheidippides\android\AndroidManifest.xml:6:5-79
	android:name
		ADDED from Pheidippides\android\AndroidManifest.xml:6:22-76
uses-permission#android.permission.INTERNET
ADDED from Pheidippides\android\AndroidManifest.xml:7:5-67
	android:name
		ADDED from Pheidippides\android\AndroidManifest.xml:7:22-64
uses-feature#0x00020000
ADDED from Pheidippides\android\AndroidManifest.xml:9:5-54
	android:glEsVersion
		ADDED from Pheidippides\android\AndroidManifest.xml:9:19-51
application
ADDED from Pheidippides\android\AndroidManifest.xml:11:5-48:19
MERGED from [com.google.android.gms:play-services:4.4.52] AndroidManifest.xml:18:5-19
	android:label
		ADDED from Pheidippides\android\AndroidManifest.xml:15:9-41
	android:allowBackup
		ADDED from Pheidippides\android\AndroidManifest.xml:13:9-35
	android:icon
		ADDED from Pheidippides\android\AndroidManifest.xml:14:9-45
	android:theme
		ADDED from Pheidippides\android\AndroidManifest.xml:16:9-40
	android:name
		ADDED from Pheidippides\android\AndroidManifest.xml:12:9-67
meta-data#com.google.android.gms.games.APP_ID
ADDED from Pheidippides\android\AndroidManifest.xml:18:9-20:46
	android:value
		ADDED from Pheidippides\android\AndroidManifest.xml:20:13-43
	android:name
		ADDED from Pheidippides\android\AndroidManifest.xml:19:13-63
meta-data#com.google.android.gms.appstate.APP_ID
ADDED from Pheidippides\android\AndroidManifest.xml:22:9-24:46
	android:value
		ADDED from Pheidippides\android\AndroidManifest.xml:24:13-43
	android:name
		ADDED from Pheidippides\android\AndroidManifest.xml:23:13-66
meta-data#com.google.android.gms.version
ADDED from Pheidippides\android\AndroidManifest.xml:26:9-28:69
	android:value
		ADDED from Pheidippides\android\AndroidManifest.xml:28:13-66
	android:name
		ADDED from Pheidippides\android\AndroidManifest.xml:27:13-58
meta-data#com.google.android.gms.analytics.globalConfigResource
ADDED from Pheidippides\android\AndroidManifest.xml:30:9-32:58
	android:resource
		ADDED from Pheidippides\android\AndroidManifest.xml:32:13-55
	android:name
		ADDED from Pheidippides\android\AndroidManifest.xml:31:13-81
activity#com.google.android.gms.ads.AdActivity
ADDED from Pheidippides\android\AndroidManifest.xml:34:9-36:125
	android:configChanges
		ADDED from Pheidippides\android\AndroidManifest.xml:36:13-122
	android:name
		ADDED from Pheidippides\android\AndroidManifest.xml:35:13-65
activity#com.gamestudio24.martianrun.android.AndroidLauncher
ADDED from Pheidippides\android\AndroidManifest.xml:38:9-47:20
	android:screenOrientation
		ADDED from Pheidippides\android\AndroidManifest.xml:42:13-50
	android:label
		ADDED from Pheidippides\android\AndroidManifest.xml:41:13-45
	android:configChanges
		ADDED from Pheidippides\android\AndroidManifest.xml:40:13-83
	android:name
		ADDED from Pheidippides\android\AndroidManifest.xml:39:13-44
intent-filter#android.intent.action.MAIN+android.intent.category.LAUNCHER
ADDED from Pheidippides\android\AndroidManifest.xml:43:13-46:29
action#android.intent.action.MAIN
ADDED from Pheidippides\android\AndroidManifest.xml:44:17-69
	android:name
		ADDED from Pheidippides\android\AndroidManifest.xml:44:25-66
category#android.intent.category.LAUNCHER
ADDED from Pheidippides\android\AndroidManifest.xml:45:17-77
	android:name
		ADDED from Pheidippides\android\AndroidManifest.xml:45:27-74
uses-sdk
INJECTED from Pheidippides\android\AndroidManifest.xml reason: use-sdk injection requested
MERGED from [com.google.android.gms:play-services:4.4.52] AndroidManifest.xml:17:5-42
	android:targetSdkVersion
		INJECTED from Pheidippides\android\AndroidManifest.xml
		INJECTED from Pheidippides\android\AndroidManifest.xml
	android:minSdkVersion
		INJECTED from Pheidippides\android\AndroidManifest.xml
		INJECTED from Pheidippides\android\AndroidManifest.xml